#
# A fatal error has been detected by the Java Runtime Environment:
#
#  EXCEPTION_ACCESS_VIOLATION (0xc0000005) at pc=0x00007fff9bdb1be9, pid=21588, tid=4628
#
# JRE version:  (17.0.6) (build )
# Java VM: OpenJDK 64-Bit Server VM (17.0.6+0-b2043.56-9586694, mixed mode, sharing, tiered, unknown gc, windows-amd64)
# Problematic frame:
# C  [jimage.dll+0x1be9]
#
# No core dump will be written. Minidumps are not enabled by default on client versions of Windows
#
#

---------------  S U M M A R Y ------------

Command Line: 

Host: Intel(R) Core(TM) i7-10510U CPU @ 1.80GHz, 8 cores, 7G,  Windows 11 , 64 bit Build 22621 (10.0.22621.2506)
Time: Wed Dec 27 19:41:11 2023 India Standard Time elapsed time: 0.020961 seconds (0d 0h 0m 0s)

---------------  T H R E A D  ---------------

Current thread is native thread

Stack: [0x0000005842d00000,0x0000005842e00000],  sp=0x0000005842dfd8a0,  free space=1014k
Native frames: (J=compiled Java code, j=interpreted, Vv=VM code, C=native code)
C  [jimage.dll+0x1be9]


siginfo: EXCEPTION_ACCESS_VIOLATION (0xc0000005), reading address 0x000000000000e72c


Registers:
RAX=0x00000000000039c4, RBX=0x0000005842dfd991, RCX=0x00007fff9bdb6000, RDX=0x00000000000039c4
RSP=0x0000005842dfd8a0, RBP=0x0000005842dfd990, RSI=0x0000000000006ec1, RDI=0x0000005842dfd990
R8 =0x00007fff9bdb4288, R9 =0x000000000000001c, R10=0x00007fff9f040000, R11=0x00007fff9bdb6000
R12=0x0000000000000000, R13=0x0000000000000000, R14=0x0000005842dfea00, R15=0x00007fff54cc5d28
RIP=0x00007fff9bdb1be9, EFLAGS=0x0000000000010246

Top of Stack: (sp=0x0000005842dfd8a0)
0x0000005842dfd8a0:   000001a114680b68 00000000000000c0
0x0000005842dfd8b0:   000001a114680b80 000001a114680b3c
0x0000005842dfd8c0:   000001a114763520 00007fff9bdb1d77
0x0000005842dfd8d0:   000000000000000b 000001a114763520
0x0000005842dfd8e0:   000001a114670000 0000000000000002
0x0000005842dfd8f0:   0000000200000101 0000000000000000
0x0000005842dfd900:   00007fffad8797f0 00000000000004b4
0x0000005842dfd910:   0000005842dfda78 0000005842dfdaa0
0x0000005842dfd920:   0000000000000002 ffffffa7bd2024df
0x0000005842dfd930:   0000837fcbee8d87 0000134c8af029c8
0x0000005842dfd940:   00007fff54ca45e0 0000000000000017
0x0000005842dfd950:   000001a114763520 0000005842dfea00
0x0000005842dfd960:   000000000000000b 00007fff9bdb2655
0x0000005842dfd970:   0000000000000000 00007fffad82d071
0x0000005842dfd980:   0000000000000002 0000005842dfda00
0x0000005842dfd990:   61622e6176616a2f 692f6b646a2f6573 

Instructions: (pc=0x00007fff9bdb1be9)
0x00007fff9bdb1ae9:   48 85 c9 74 1d 80 3d 1b 45 00 00 00 74 06 48 8b
0x00007fff9bdb1af9:   53 18 eb 04 48 8b 53 40 e8 ae 0e 00 00 48 83 63
0x00007fff9bdb1b09:   48 00 8b 4b 0c 83 f9 ff 74 09 e8 e4 0c 00 00 83
0x00007fff9bdb1b19:   4b 0c ff 48 8b 4b 70 48 85 c9 74 0f ba 10 00 00
0x00007fff9bdb1b29:   00 e8 fd 0e 00 00 48 83 63 70 00 48 83 c4 20 5b
0x00007fff9bdb1b39:   c3 cc cc 40 53 48 83 ec 20 48 8b d9 48 8d 0d d4
0x00007fff9bdb1b49:   46 00 00 e8 b3 0c 00 00 83 6b 08 01 75 24 48 8b
0x00007fff9bdb1b59:   d3 48 8d 0d b7 44 00 00 e8 22 08 00 00 48 8b cb
0x00007fff9bdb1b69:   e8 de fe ff ff ba 78 00 00 00 48 8b cb e8 b1 0e
0x00007fff9bdb1b79:   00 00 48 8d 0d 9e 46 00 00 48 83 c4 20 5b e9 80
0x00007fff9bdb1b89:   0c 00 00 48 89 5c 24 08 48 89 74 24 10 57 48 83
0x00007fff9bdb1b99:   ec 20 41 8b f1 4d 8b c8 48 8b fa 4c 8b d9 4d 85
0x00007fff9bdb1ba9:   c0 74 78 85 f6 74 74 44 8a 12 48 8d 5a 01 48 8b
0x00007fff9bdb1bb9:   d3 b8 93 01 00 01 eb 12 69 c0 93 01 00 01 41 0f
0x00007fff9bdb1bc9:   b6 ca 44 8a 12 33 c1 48 ff c2 45 84 d2 75 e9 4d
0x00007fff9bdb1bd9:   8b 03 0f ba f0 1f 33 d2 49 8b cb f7 f6 48 63 c2
0x00007fff9bdb1be9:   41 8b 14 81 41 ff 50 08 85 c0 7e 24 8a 0f eb 10
0x00007fff9bdb1bf9:   69 c0 93 01 00 01 0f b6 c9 33 c1 8a 0b 48 ff c3
0x00007fff9bdb1c09:   84 c9 75 ec 0f ba f0 1f 33 d2 f7 f6 8b c2 eb 0e
0x00007fff9bdb1c19:   79 09 83 c9 ff 2b c8 8b c1 eb 03 83 c8 ff 48 8b
0x00007fff9bdb1c29:   5c 24 30 48 8b 74 24 38 48 83 c4 20 5f c3 cc 48
0x00007fff9bdb1c39:   89 5c 24 08 48 89 74 24 10 57 48 83 ec 20 48 8b
0x00007fff9bdb1c49:   f1 48 8d 0d cf 45 00 00 e8 ae 0b 00 00 33 ff 39
0x00007fff9bdb1c59:   3d ba 43 00 00 76 24 48 8b 05 b9 43 00 00 48 8b
0x00007fff9bdb1c69:   d6 48 8b 1c f8 48 8b 0b e8 64 1e 00 00 85 c0 74
0x00007fff9bdb1c79:   2b ff c7 3b 3d 96 43 00 00 72 dc 33 db 48 8d 0d
0x00007fff9bdb1c89:   93 45 00 00 e8 7a 0b 00 00 48 8b 74 24 38 48 8b
0x00007fff9bdb1c99:   c3 48 8b 5c 24 30 48 83 c4 20 5f c3 ff 43 08 eb
0x00007fff9bdb1ca9:   dc cc cc 48 89 5c 24 08 48 89 74 24 10 57 48 83
0x00007fff9bdb1cb9:   ec 20 48 8b d9 48 8b f2 48 8b 49 10 49 8b f8 8b
0x00007fff9bdb1cc9:   53 30 48 8b 01 ff 50 20 4c 8b 43 50 48 8b d6 48
0x00007fff9bdb1cd9:   8b 4b 10 44 8b c8 e8 a8 fe ff ff 83 f8 ff 74 38 



---------------  P R O C E S S  ---------------

VM state: not at safepoint (not fully initialized)

VM Mutex/Monitor currently owned by a thread: None

GC Precious Log:
<Not initialized>


Dynamic libraries:
0x00007ff6d0910000 - 0x00007ff6d091a000 	C:\Program Files\Android\Android Studio\jbr\bin\java.EXE
0x00007fffad810000 - 0x00007fffada27000 	C:\WINDOWS\SYSTEM32\ntdll.dll
0x00007fffac5f0000 - 0x00007fffac6b4000 	C:\WINDOWS\System32\KERNEL32.DLL
0x00007fffab0c0000 - 0x00007fffab466000 	C:\WINDOWS\System32\KERNELBASE.dll
0x00007fffaab80000 - 0x00007fffaac91000 	C:\WINDOWS\System32\ucrtbase.dll
0x00007fff9f1f0000 - 0x00007fff9f207000 	C:\Program Files\Android\Android Studio\jbr\bin\jli.dll
0x00007fffacf70000 - 0x00007fffad11e000 	C:\WINDOWS\System32\USER32.dll
0x00007fffab470000 - 0x00007fffab496000 	C:\WINDOWS\System32\win32u.dll
0x00007fffabe80000 - 0x00007fffabea9000 	C:\WINDOWS\System32\GDI32.dll
0x00007fffaaca0000 - 0x00007fffaadb8000 	C:\WINDOWS\System32\gdi32full.dll
0x00007fffaae40000 - 0x00007fffaaeda000 	C:\WINDOWS\System32\msvcp_win.dll
0x00007fff9f040000 - 0x00007fff9f05b000 	C:\Program Files\Android\Android Studio\jbr\bin\VCRUNTIME140.dll
0x00007fff90c50000 - 0x00007fff90ee3000 	C:\WINDOWS\WinSxS\amd64_microsoft.windows.common-controls_6595b64144ccf1df_6.0.22621.2506_none_270c5ae97388e100\COMCTL32.dll
0x00007fffab840000 - 0x00007fffab8e7000 	C:\WINDOWS\System32\msvcrt.dll
0x00007fffacf20000 - 0x00007fffacf51000 	C:\WINDOWS\System32\IMM32.DLL
0x00007fff9f030000 - 0x00007fff9f03c000 	C:\Program Files\Android\Android Studio\jbr\bin\vcruntime140_1.dll
0x00007fff918c0000 - 0x00007fff9194d000 	C:\Program Files\Android\Android Studio\jbr\bin\msvcp140.dll
0x00007fff54380000 - 0x00007fff54fed000 	C:\Program Files\Android\Android Studio\jbr\bin\server\jvm.dll
0x00007fffad680000 - 0x00007fffad731000 	C:\WINDOWS\System32\ADVAPI32.dll
0x00007fffac520000 - 0x00007fffac5c5000 	C:\WINDOWS\System32\sechost.dll
0x00007fffabd60000 - 0x00007fffabe77000 	C:\WINDOWS\System32\RPCRT4.dll
0x00007fff8f3b0000 - 0x00007fff8f3b9000 	C:\WINDOWS\SYSTEM32\WSOCK32.dll
0x00007fffab560000 - 0x00007fffab5d1000 	C:\WINDOWS\System32\WS2_32.dll
0x00007fff9ef40000 - 0x00007fff9ef74000 	C:\WINDOWS\SYSTEM32\WINMM.dll
0x00007fff9f5c0000 - 0x00007fff9f5ca000 	C:\WINDOWS\SYSTEM32\VERSION.dll
0x00007fffa9c70000 - 0x00007fffa9c88000 	C:\WINDOWS\SYSTEM32\kernel.appcore.dll
0x00007fff9bdb0000 - 0x00007fff9bdba000 	C:\Program Files\Android\Android Studio\jbr\bin\jimage.dll
0x00007fffa4fb0000 - 0x00007fffa51e3000 	C:\WINDOWS\SYSTEM32\DBGHELP.DLL
0x00007fffab9d0000 - 0x00007fffabd59000 	C:\WINDOWS\System32\combase.dll
0x00007fffab8f0000 - 0x00007fffab9c7000 	C:\WINDOWS\System32\OLEAUT32.dll
0x00007fff9ccf0000 - 0x00007fff9cd22000 	C:\WINDOWS\SYSTEM32\dbgcore.DLL
0x00007fffaadc0000 - 0x00007fffaae3a000 	C:\WINDOWS\System32\bcryptPrimitives.dll

dbghelp: loaded successfully - version: 4.0.5 - missing functions: none
symbol engine: initialization error.

VM Arguments:
java_command: <unknown>
java_class_path (initial): <not set>
Launcher Type: SUN_STANDARD

[Global flags]
     bool UseLargePagesIndividualAllocation        = false                                  {pd product} {ergonomic}

Logging:
Log output configuration:
 #0: stdout all=warning uptime,level,tags
 #1: stderr all=off uptime,level,tags

Environment Variables:
JAVA_HOME=C:\Program Files\Android\Android Studio\jbr
PATH=C:\Program Files\Android\Android Studio\jbr\bin;C:\Python312\Scripts\;C:\Python312\;C:\Program Files\Common Files\Oracle\Java\javapath;C:\WINDOWS\system32;C:\WINDOWS;C:\WINDOWS\System32\Wbem;C:\WINDOWS\System32\WindowsPowerShell\v1.0\;C:\WINDOWS\System32\OpenSSH\;C:\Program Files\nodejs\;C:\ProgramData\chocolatey\bin;C:\Program Files\MySQL\MySQL Shell 8.0\bin\;C:\Users\ASUS\AppData\Local\Microsoft\WindowsApps;C:\Users\ASUS\AppData\Local\Programs\Microsoft VS Code\bin;C:\Users\ASUS\Downloads\flutter_windows_3.10.0-stable\flutter\bin;C:\Program Files\JetBrains\IntelliJ IDEA Community Edition 2023.1.4\bin;;C:\Program Files\JetBrains\PyCharm Community Edition 2023.3.1\bin;;C:\Users\ASUS\AppData\Roaming\npm;C:\Program Files\nodejs;C:\Python312\Scripts\pip;C:\Users\ASUS\AppData\Roaming\npm;C:\Users\ASUS\AppData\Roaming\npm\node_modules\firebase;;C:\Users\ASUS\Downloads\flutter_windows_3.10.0-stable\flutter\bin\mingit\cmd;C:\Users\ASUS\Downloads\flutter_windows_3.10.0-stable\flutter\bin\mingit\cmd
USERNAME=ASUS
OS=Windows_NT
PROCESSOR_IDENTIFIER=Intel64 Family 6 Model 142 Stepping 12, GenuineIntel
TMP=C:\Users\ASUS\AppData\Local\Temp
TEMP=C:\Users\ASUS\AppData\Local\Temp



---------------  S Y S T E M  ---------------

OS:
 Windows 11 , 64 bit Build 22621 (10.0.22621.2506)
OS uptime: 0 days 20:43 hours

CPU: total 8 (initial active 0) 

Memory: 4k page, system-wide physical 8001M (231M free)
TotalPageFile size 32577M (AvailPageFile size 1M)
current process WorkingSet (physical memory assigned to process): 7M, peak: 7M
current process commit charge ("private bytes"): 2M, peak: 2M

vm_info: OpenJDK 64-Bit Server VM (17.0.6+0-b2043.56-9586694) for windows-amd64 JRE (17.0.6+0-b2043.56-9586694), built on Feb  9 2023 20:06:20 by "androidbuild" with MS VC++ 16.10 / 16.11 (VS2019)

END.
